# JRE version: OpenJDK Runtime Environment Temurin-19.0.1+10 (19.0.1+10) (build 19.0.1+10)
# Java VM: OpenJDK 64-Bit Server VM Temurin-19.0.1+10 (19.0.1+10, mixed mode, emulated-client, tiered, compressed oops, compressed class ptrs, g1 gc, windows-amd64)
GC Precious Log:
 CardTable entry size: 512
 Card Set container configuration: InlinePtr #cards 5 size 8 Array Of Cards #cards 12 size 40 Howl #buckets 4 coarsen threshold 1843 Howl Bitmap #cards 512 size 80 coarsen threshold 460 Card regions per heap region 1 cards per card region 2048
 CPUs: 8 total, 8 available
 Memory: 8073M
 Large Page Support: Disabled
 NUMA Support: Disabled
 Compressed Oops: Enabled (32-bit)
 Heap Region Size: 1M
 Heap Min Capacity: 8M
 Heap Initial Capacity: 128M
 Heap Max Capacity: 1G
 Pre-touch: Disabled
 Parallel Workers: 8
 Concurrent Workers: 2
 Concurrent Refinement Workers: 8
 Periodic GC: Disabled
Heap:
 garbage-first heap   total 78848K, used 49224K [0x00000000c0000000, 0x0000000100000000)
  region size 1024K, 11 young (11264K), 3 survivors (3072K)
 Metaspace       used 41870K, committed 42496K, reserved 1114112K
  class space    used 5074K, committed 5376K, reserved 1048576K
GC Heap History (20 events):
Event: 1.465 GC heap before
{Heap before GC invocations=4 (full 0):
 garbage-first heap   total 55296K, used 44609K [0x00000000c0000000, 0x0000000100000000)
  region size 1024K, 34 young (34816K), 4 survivors (4096K)
 Metaspace       used 29014K, committed 29312K, reserved 1114112K
  class space    used 3265K, committed 3392K, reserved 1048576K
}
Event: 1.473 GC heap after
{Heap after GC invocations=5 (full 0):
 garbage-first heap   total 55296K, used 17015K [0x00000000c0000000, 0x0000000100000000)
  region size 1024K, 4 young (4096K), 4 survivors (4096K)
 Metaspace       used 29014K, committed 29312K, reserved 1114112K
  class space    used 3265K, committed 3392K, reserved 1048576K
}
Event: 1.489 GC heap before
{Heap before GC invocations=5 (full 0):
 garbage-first heap   total 55296K, used 18039K [0x00000000c0000000, 0x0000000100000000)
  region size 1024K, 5 young (5120K), 4 survivors (4096K)
 Metaspace       used 29223K, committed 29568K, reserved 1114112K
  class space    used 3294K, committed 3456K, reserved 1048576K
}
Event: 1.496 GC heap after
{Heap after GC invocations=6 (full 0):
 garbage-first heap   total 55296K, used 17034K [0x00000000c0000000, 0x0000000100000000)
  region size 1024K, 1 young (1024K), 1 survivors (1024K)
 Metaspace       used 29223K, committed 29568K, reserved 1114112K
  class space    used 3294K, committed 3456K, reserved 1048576K
}
Event: 1.970 GC heap before
{Heap before GC invocations=6 (full 0):
 garbage-first heap   total 55296K, used 35466K [0x00000000c0000000, 0x0000000100000000)
  region size 1024K, 20 young (20480K), 1 survivors (1024K)
 Metaspace       used 31694K, committed 32064K, reserved 1114112K
  class space    used 3606K, committed 3776K, reserved 1048576K
}
Event: 1.974 GC heap after
{Heap after GC invocations=7 (full 0):
 garbage-first heap   total 55296K, used 18371K [0x00000000c0000000, 0x0000000100000000)
  region size 1024K, 2 young (2048K), 2 survivors (2048K)
 Metaspace       used 31694K, committed 32064K, reserved 1114112K
  class space    used 3606K, committed 3776K, reserved 1048576K
}
Event: 2.266 GC heap before
{Heap before GC invocations=7 (full 0):
 garbage-first heap   total 55296K, used 36803K [0x00000000c0000000, 0x0000000100000000)
  region size 1024K, 21 young (21504K), 2 survivors (2048K)
 Metaspace       used 34666K, committed 35072K, reserved 1114112K
  class space    used 4020K, committed 4224K, reserved 1048576K
}
Event: 2.274 GC heap after
{Heap after GC invocations=8 (full 0):
 garbage-first heap   total 55296K, used 21162K [0x00000000c0000000, 0x0000000100000000)
  region size 1024K, 3 young (3072K), 3 survivors (3072K)
 Metaspace       used 34666K, committed 35072K, reserved 1114112K
  class space    used 4020K, committed 4224K, reserved 1048576K
}
Event: 2.358 GC heap before
{Heap before GC invocations=8 (full 0):
 garbage-first heap   total 55296K, used 26282K [0x00000000c0000000, 0x0000000100000000)
  region size 1024K, 9 young (9216K), 3 survivors (3072K)
 Metaspace       used 35513K, committed 35968K, reserved 1114112K
  class space    used 4131K, committed 4352K, reserved 1048576K
}
Event: 2.363 GC heap after
{Heap after GC invocations=9 (full 0):
 garbage-first heap   total 110592K, used 21444K [0x00000000c0000000, 0x0000000100000000)
  region size 1024K, 1 young (1024K), 1 survivors (1024K)
 Metaspace       used 35513K, committed 35968K, reserved 1114112K
  class space    used 4131K, committed 4352K, reserved 1048576K
}
Event: 3.021 GC heap before
{Heap before GC invocations=10 (full 0):
 garbage-first heap   total 78848K, used 68548K [0x00000000c0000000, 0x0000000100000000)
  region size 1024K, 46 young (47104K), 1 survivors (1024K)
 Metaspace       used 41782K, committed 42368K, reserved 1114112K
  class space    used 5060K, committed 5312K, reserved 1048576K
}
Event: 3.027 GC heap after
{Heap after GC invocations=11 (full 0):
 garbage-first heap   total 78848K, used 28604K [0x00000000c0000000, 0x0000000100000000)
  region size 1024K, 6 young (6144K), 6 survivors (6144K)
 Metaspace       used 41782K, committed 42368K, reserved 1114112K
  class space    used 5060K, committed 5312K, reserved 1048576K
}
Event: 3.037 GC heap before
{Heap before GC invocations=11 (full 0):
 garbage-first heap   total 78848K, used 29628K [0x00000000c0000000, 0x0000000100000000)
  region size 1024K, 7 young (7168K), 6 survivors (6144K)
 Metaspace       used 41782K, committed 42368K, reserved 1114112K
  class space    used 5060K, committed 5312K, reserved 1048576K
}
Event: 3.041 GC heap after
{Heap after GC invocations=12 (full 0):
 garbage-first heap   total 78848K, used 29465K [0x00000000c0000000, 0x0000000100000000)
  region size 1024K, 1 young (1024K), 1 survivors (1024K)
 Metaspace       used 41782K, committed 42368K, reserved 1114112K
  class space    used 5060K, committed 5312K, reserved 1048576K
}
Event: 6.106 GC heap before
{Heap before GC invocations=12 (full 0):
 garbage-first heap   total 78848K, used 56089K [0x00000000c0000000, 0x0000000100000000)
  region size 1024K, 28 young (28672K), 1 survivors (1024K)
 Metaspace       used 41782K, committed 42368K, reserved 1114112K
  class space    used 5060K, committed 5312K, reserved 1048576K
}
Event: 6.112 GC heap after
{Heap after GC invocations=13 (full 0):
 garbage-first heap   total 78848K, used 35476K [0x00000000c0000000, 0x0000000100000000)
  region size 1024K, 4 young (4096K), 4 survivors (4096K)
 Metaspace       used 41782K, committed 42368K, reserved 1114112K
  class space    used 5060K, committed 5312K, reserved 1048576K
}
Event: 7.456 GC heap before
{Heap before GC invocations=13 (full 0):
 garbage-first heap   total 78848K, used 56980K [0x00000000c0000000, 0x0000000100000000)
  region size 1024K, 26 young (26624K), 4 survivors (4096K)
 Metaspace       used 41870K, committed 42496K, reserved 1114112K
  class space    used 5074K, committed 5376K, reserved 1048576K
}
Event: 7.461 GC heap after
{Heap after GC invocations=14 (full 0):
 garbage-first heap   total 78848K, used 39942K [0x00000000c0000000, 0x0000000100000000)
  region size 1024K, 4 young (4096K), 4 survivors (4096K)
 Metaspace       used 41870K, committed 42496K, reserved 1114112K
  class space    used 5074K, committed 5376K, reserved 1048576K
}
Event: 7.598 GC heap before
{Heap before GC invocations=14 (full 0):
 garbage-first heap   total 78848K, used 59398K [0x00000000c0000000, 0x0000000100000000)
  region size 1024K, 23 young (23552K), 4 survivors (4096K)
 Metaspace       used 41870K, committed 42496K, reserved 1114112K
  class space    used 5074K, committed 5376K, reserved 1048576K
}
Event: 7.602 GC heap after
{Heap after GC invocations=15 (full 0):
 garbage-first heap   total 78848K, used 43080K [0x00000000c0000000, 0x0000000100000000)
  region size 1024K, 3 young (3072K), 3 survivors (3072K)
 Metaspace       used 41870K, committed 42496K, reserved 1114112K
  class space    used 5074K, committed 5376K, reserved 1048576K
}

