# JRE version: OpenJDK Runtime Environment Temurin-19.0.1+10 (19.0.1+10) (build 19.0.1+10)
# Java VM: OpenJDK 64-Bit Server VM Temurin-19.0.1+10 (19.0.1+10, mixed mode, emulated-client, tiered, compressed oops, compressed class ptrs, g1 gc, windows-amd64)
GC Precious Log:
 CardTable entry size: 512
 Card Set container configuration: InlinePtr #cards 5 size 8 Array Of Cards #cards 12 size 40 Howl #buckets 4 coarsen threshold 1843 Howl Bitmap #cards 512 size 80 coarsen threshold 460 Card regions per heap region 1 cards per card region 2048
 CPUs: 8 total, 8 available
 Memory: 8073M
 Large Page Support: Disabled
 NUMA Support: Disabled
 Compressed Oops: Enabled (32-bit)
 Heap Region Size: 1M
 Heap Min Capacity: 8M
 Heap Initial Capacity: 128M
 Heap Max Capacity: 1G
 Pre-touch: Disabled
 Parallel Workers: 8
 Concurrent Workers: 2
 Concurrent Refinement Workers: 8
 Periodic GC: Disabled
Heap:
 garbage-first heap   total 92160K, used 39643K [0x00000000c0000000, 0x0000000100000000)
  region size 1024K, 4 young (4096K), 4 survivors (4096K)
 Metaspace       used 41825K, committed 42432K, reserved 1114112K
  class space    used 5061K, committed 5312K, reserved 1048576K
GC Heap History (20 events):
Event: 1.156 GC heap after
{Heap after GC invocations=2 (full 0):
 garbage-first heap   total 131072K, used 13056K [0x00000000c0000000, 0x0000000100000000)
  region size 1024K, 3 young (3072K), 3 survivors (3072K)
 Metaspace       used 18354K, committed 18560K, reserved 1114112K
  class space    used 2016K, committed 2112K, reserved 1048576K
}
Event: 1.299 GC heap before
{Heap before GC invocations=2 (full 0):
 garbage-first heap   total 131072K, used 26368K [0x00000000c0000000, 0x0000000100000000)
  region size 1024K, 17 young (17408K), 3 survivors (3072K)
 Metaspace       used 21227K, committed 21504K, reserved 1114112K
  class space    used 2338K, committed 2496K, reserved 1048576K
}
Event: 1.303 GC heap after
{Heap after GC invocations=3 (full 0):
 garbage-first heap   total 131072K, used 13819K [0x00000000c0000000, 0x0000000100000000)
  region size 1024K, 4 young (4096K), 4 survivors (4096K)
 Metaspace       used 21227K, committed 21504K, reserved 1114112K
  class space    used 2338K, committed 2496K, reserved 1048576K
}
Event: 1.609 GC heap before
{Heap before GC invocations=4 (full 0):
 garbage-first heap   total 51200K, used 43515K [0x00000000c0000000, 0x0000000100000000)
  region size 1024K, 34 young (34816K), 4 survivors (4096K)
 Metaspace       used 28968K, committed 29248K, reserved 1114112K
  class space    used 3257K, committed 3392K, reserved 1048576K
}
Event: 1.616 GC heap after
{Heap after GC invocations=5 (full 0):
 garbage-first heap   total 52224K, used 16968K [0x00000000c0000000, 0x0000000100000000)
  region size 1024K, 4 young (4096K), 4 survivors (4096K)
 Metaspace       used 28968K, committed 29248K, reserved 1114112K
  class space    used 3257K, committed 3392K, reserved 1048576K
}
Event: 1.634 GC heap before
{Heap before GC invocations=5 (full 0):
 garbage-first heap   total 52224K, used 17992K [0x00000000c0000000, 0x0000000100000000)
  region size 1024K, 5 young (5120K), 4 survivors (4096K)
 Metaspace       used 29130K, committed 29440K, reserved 1114112K
  class space    used 3287K, committed 3456K, reserved 1048576K
}
Event: 1.641 GC heap after
{Heap after GC invocations=6 (full 0):
 garbage-first heap   total 52224K, used 17295K [0x00000000c0000000, 0x0000000100000000)
  region size 1024K, 1 young (1024K), 1 survivors (1024K)
 Metaspace       used 29130K, committed 29440K, reserved 1114112K
  class space    used 3287K, committed 3456K, reserved 1048576K
}
Event: 1.878 GC heap before
{Heap before GC invocations=6 (full 0):
 garbage-first heap   total 52224K, used 33679K [0x00000000c0000000, 0x0000000100000000)
  region size 1024K, 18 young (18432K), 1 survivors (1024K)
 Metaspace       used 31206K, committed 31552K, reserved 1114112K
  class space    used 3548K, committed 3712K, reserved 1048576K
}
Event: 1.882 GC heap after
{Heap after GC invocations=7 (full 0):
 garbage-first heap   total 52224K, used 18546K [0x00000000c0000000, 0x0000000100000000)
  region size 1024K, 2 young (2048K), 2 survivors (2048K)
 Metaspace       used 31206K, committed 31552K, reserved 1114112K
  class space    used 3548K, committed 3712K, reserved 1048576K
}
Event: 2.132 GC heap before
{Heap before GC invocations=7 (full 0):
 garbage-first heap   total 52224K, used 34930K [0x00000000c0000000, 0x0000000100000000)
  region size 1024K, 19 young (19456K), 2 survivors (2048K)
 Metaspace       used 34048K, committed 34496K, reserved 1114112K
  class space    used 3938K, committed 4160K, reserved 1048576K
}
Event: 2.138 GC heap after
{Heap after GC invocations=8 (full 0):
 garbage-first heap   total 101376K, used 21600K [0x00000000c0000000, 0x0000000100000000)
  region size 1024K, 3 young (3072K), 3 survivors (3072K)
 Metaspace       used 34048K, committed 34496K, reserved 1114112K
  class space    used 3938K, committed 4160K, reserved 1048576K
}
Event: 2.328 GC heap before
{Heap before GC invocations=8 (full 0):
 garbage-first heap   total 101376K, used 30816K [0x00000000c0000000, 0x0000000100000000)
  region size 1024K, 13 young (13312K), 3 survivors (3072K)
 Metaspace       used 35644K, committed 36096K, reserved 1114112K
  class space    used 4136K, committed 4352K, reserved 1048576K
}
Event: 2.333 GC heap after
{Heap after GC invocations=9 (full 0):
 garbage-first heap   total 101376K, used 21796K [0x00000000c0000000, 0x0000000100000000)
  region size 1024K, 4 young (4096K), 4 survivors (4096K)
 Metaspace       used 35644K, committed 36096K, reserved 1114112K
  class space    used 4136K, committed 4352K, reserved 1048576K
}
Event: 2.938 GC heap before
{Heap before GC invocations=10 (full 0):
 garbage-first heap   total 81920K, used 67876K [0x00000000c0000000, 0x0000000100000000)
  region size 1024K, 48 young (49152K), 4 survivors (4096K)
 Metaspace       used 41737K, committed 42304K, reserved 1114112K
  class space    used 5047K, committed 5312K, reserved 1048576K
}
Event: 2.944 GC heap after
{Heap after GC invocations=11 (full 0):
 garbage-first heap   total 81920K, used 27910K [0x00000000c0000000, 0x0000000100000000)
  region size 1024K, 6 young (6144K), 6 survivors (6144K)
 Metaspace       used 41737K, committed 42304K, reserved 1114112K
  class space    used 5047K, committed 5312K, reserved 1048576K
}
Event: 2.946 GC heap before
{Heap before GC invocations=11 (full 0):
 garbage-first heap   total 81920K, used 28934K [0x00000000c0000000, 0x0000000100000000)
  region size 1024K, 7 young (7168K), 6 survivors (6144K)
 Metaspace       used 41737K, committed 42304K, reserved 1114112K
  class space    used 5047K, committed 5312K, reserved 1048576K
}
Event: 2.951 GC heap after
{Heap after GC invocations=12 (full 0):
 garbage-first heap   total 81920K, used 29084K [0x00000000c0000000, 0x0000000100000000)
  region size 1024K, 1 young (1024K), 1 survivors (1024K)
 Metaspace       used 41737K, committed 42304K, reserved 1114112K
  class space    used 5047K, committed 5312K, reserved 1048576K
}
Event: 3.027 GC heap before
{Heap before GC invocations=12 (full 0):
 garbage-first heap   total 81920K, used 57756K [0x00000000c0000000, 0x0000000100000000)
  region size 1024K, 30 young (30720K), 1 survivors (1024K)
 Metaspace       used 41738K, committed 42304K, reserved 1114112K
  class space    used 5047K, committed 5312K, reserved 1048576K
}
Event: 3.031 GC heap after
{Heap after GC invocations=13 (full 0):
 garbage-first heap   total 81920K, used 34816K [0x00000000c0000000, 0x0000000100000000)
  region size 1024K, 4 young (4096K), 4 survivors (4096K)
 Metaspace       used 41738K, committed 42304K, reserved 1114112K
  class space    used 5047K, committed 5312K, reserved 1048576K
}
Event: 3.101 GC heap before
{Heap before GC invocations=13 (full 0):
 garbage-first heap   total 81920K, used 59392K [0x00000000c0000000, 0x0000000100000000)
  region size 1024K, 29 young (29696K), 4 survivors (4096K)
 Metaspace       used 41825K, committed 42432K, reserved 1114112K
  class space    used 5061K, committed 5312K, reserved 1048576K
}

