# JRE version: OpenJDK Runtime Environment Temurin-19.0.1+10 (19.0.1+10) (build 19.0.1+10)
# Java VM: OpenJDK 64-Bit Server VM Temurin-19.0.1+10 (19.0.1+10, mixed mode, emulated-client, tiered, compressed oops, compressed class ptrs, g1 gc, windows-amd64)
GC Precious Log:
 CardTable entry size: 512
 Card Set container configuration: InlinePtr #cards 5 size 8 Array Of Cards #cards 12 size 40 Howl #buckets 4 coarsen threshold 1843 Howl Bitmap #cards 512 size 80 coarsen threshold 460 Card regions per heap region 1 cards per card region 2048
 CPUs: 8 total, 8 available
 Memory: 8073M
 Large Page Support: Disabled
 NUMA Support: Disabled
 Compressed Oops: Enabled (32-bit)
 Heap Region Size: 1M
 Heap Min Capacity: 8M
 Heap Initial Capacity: 128M
 Heap Max Capacity: 1G
 Pre-touch: Disabled
 Parallel Workers: 8
 Concurrent Workers: 2
 Concurrent Refinement Workers: 8
 Periodic GC: Disabled
Heap:
 garbage-first heap   total 93184K, used 55594K [0x00000000c0000000, 0x0000000100000000)
  region size 1024K, 32 young (32768K), 6 survivors (6144K)
 Metaspace       used 41797K, committed 42368K, reserved 1114112K
  class space    used 5061K, committed 5312K, reserved 1048576K
GC Heap History (20 events):
Event: 6.969 GC heap before
{Heap before GC invocations=1 (full 0):
 garbage-first heap   total 131072K, used 33697K [0x00000000c0000000, 0x0000000100000000)
  region size 1024K, 27 young (27648K), 3 survivors (3072K)
 Metaspace       used 18369K, committed 18560K, reserved 1114112K
  class space    used 2019K, committed 2112K, reserved 1048576K
}
Event: 6.976 GC heap after
{Heap after GC invocations=2 (full 0):
 garbage-first heap   total 131072K, used 13137K [0x00000000c0000000, 0x0000000100000000)
  region size 1024K, 3 young (3072K), 3 survivors (3072K)
 Metaspace       used 18369K, committed 18560K, reserved 1114112K
  class space    used 2019K, committed 2112K, reserved 1048576K
}
Event: 7.757 GC heap before
{Heap before GC invocations=2 (full 0):
 garbage-first heap   total 131072K, used 25425K [0x00000000c0000000, 0x0000000100000000)
  region size 1024K, 17 young (17408K), 3 survivors (3072K)
 Metaspace       used 21234K, committed 21504K, reserved 1114112K
  class space    used 2340K, committed 2496K, reserved 1048576K
}
Event: 7.762 GC heap after
{Heap after GC invocations=3 (full 0):
 garbage-first heap   total 131072K, used 13807K [0x00000000c0000000, 0x0000000100000000)
  region size 1024K, 4 young (4096K), 4 survivors (4096K)
 Metaspace       used 21234K, committed 21504K, reserved 1114112K
  class space    used 2340K, committed 2496K, reserved 1048576K
}
Event: 8.361 GC heap before
{Heap before GC invocations=4 (full 0):
 garbage-first heap   total 51200K, used 40431K [0x00000000c0000000, 0x0000000100000000)
  region size 1024K, 30 young (30720K), 4 survivors (4096K)
 Metaspace       used 28218K, committed 28480K, reserved 1114112K
  class space    used 3150K, committed 3264K, reserved 1048576K
}
Event: 8.371 GC heap after
{Heap after GC invocations=5 (full 0):
 garbage-first heap   total 51200K, used 16880K [0x00000000c0000000, 0x0000000100000000)
  region size 1024K, 4 young (4096K), 4 survivors (4096K)
 Metaspace       used 28218K, committed 28480K, reserved 1114112K
  class space    used 3150K, committed 3264K, reserved 1048576K
}
Event: 8.395 GC heap before
{Heap before GC invocations=5 (full 0):
 garbage-first heap   total 51200K, used 17904K [0x00000000c0000000, 0x0000000100000000)
  region size 1024K, 5 young (5120K), 4 survivors (4096K)
 Metaspace       used 28295K, committed 28544K, reserved 1114112K
  class space    used 3161K, committed 3264K, reserved 1048576K
}
Event: 8.400 GC heap after
{Heap after GC invocations=6 (full 0):
 garbage-first heap   total 51200K, used 17058K [0x00000000c0000000, 0x0000000100000000)
  region size 1024K, 1 young (1024K), 1 survivors (1024K)
 Metaspace       used 28295K, committed 28544K, reserved 1114112K
  class space    used 3161K, committed 3264K, reserved 1048576K
}
Event: 9.197 GC heap before
{Heap before GC invocations=6 (full 0):
 garbage-first heap   total 51200K, used 33442K [0x00000000c0000000, 0x0000000100000000)
  region size 1024K, 18 young (18432K), 1 survivors (1024K)
 Metaspace       used 30465K, committed 30784K, reserved 1114112K
  class space    used 3438K, committed 3584K, reserved 1048576K
}
Event: 9.200 GC heap after
{Heap after GC invocations=7 (full 0):
 garbage-first heap   total 51200K, used 17945K [0x00000000c0000000, 0x0000000100000000)
  region size 1024K, 2 young (2048K), 2 survivors (2048K)
 Metaspace       used 30465K, committed 30784K, reserved 1114112K
  class space    used 3438K, committed 3584K, reserved 1048576K
}
Event: 9.963 GC heap before
{Heap before GC invocations=7 (full 0):
 garbage-first heap   total 51200K, used 34329K [0x00000000c0000000, 0x0000000100000000)
  region size 1024K, 19 young (19456K), 2 survivors (2048K)
 Metaspace       used 34048K, committed 34496K, reserved 1114112K
  class space    used 3940K, committed 4160K, reserved 1048576K
}
Event: 9.968 GC heap after
{Heap after GC invocations=8 (full 0):
 garbage-first heap   total 51200K, used 19747K [0x00000000c0000000, 0x0000000100000000)
  region size 1024K, 3 young (3072K), 3 survivors (3072K)
 Metaspace       used 34048K, committed 34496K, reserved 1114112K
  class space    used 3940K, committed 4160K, reserved 1048576K
}
Event: 10.398 GC heap before
{Heap before GC invocations=8 (full 0):
 garbage-first heap   total 51200K, used 33059K [0x00000000c0000000, 0x0000000100000000)
  region size 1024K, 17 young (17408K), 3 survivors (3072K)
 Metaspace       used 35513K, committed 35968K, reserved 1114112K
  class space    used 4131K, committed 4352K, reserved 1048576K
}
Event: 10.405 GC heap after
{Heap after GC invocations=9 (full 0):
 garbage-first heap   total 51200K, used 21608K [0x00000000c0000000, 0x0000000100000000)
  region size 1024K, 2 young (2048K), 2 survivors (2048K)
 Metaspace       used 35513K, committed 35968K, reserved 1114112K
  class space    used 4131K, committed 4352K, reserved 1048576K
}
Event: 11.229 GC heap before
{Heap before GC invocations=10 (full 0):
 garbage-first heap   total 51200K, used 37992K [0x00000000c0000000, 0x0000000100000000)
  region size 1024K, 18 young (18432K), 2 survivors (2048K)
 Metaspace       used 38984K, committed 39552K, reserved 1114112K
  class space    used 4632K, committed 4928K, reserved 1048576K
}
Event: 11.232 GC heap after
{Heap after GC invocations=11 (full 0):
 garbage-first heap   total 93184K, used 23047K [0x00000000c0000000, 0x0000000100000000)
  region size 1024K, 2 young (2048K), 2 survivors (2048K)
 Metaspace       used 38984K, committed 39552K, reserved 1114112K
  class space    used 4632K, committed 4928K, reserved 1048576K
}
Event: 11.309 GC heap before
{Heap before GC invocations=11 (full 0):
 garbage-first heap   total 93184K, used 25095K [0x00000000c0000000, 0x0000000100000000)
  region size 1024K, 4 young (4096K), 2 survivors (2048K)
 Metaspace       used 39278K, committed 39808K, reserved 1114112K
  class space    used 4672K, committed 4928K, reserved 1048576K
}
Event: 11.311 GC heap after
{Heap after GC invocations=12 (full 0):
 garbage-first heap   total 93184K, used 23340K [0x00000000c0000000, 0x0000000100000000)
  region size 1024K, 1 young (1024K), 1 survivors (1024K)
 Metaspace       used 39278K, committed 39808K, reserved 1114112K
  class space    used 4672K, committed 4928K, reserved 1048576K
}
Event: 11.853 GC heap before
{Heap before GC invocations=12 (full 0):
 garbage-first heap   total 93184K, used 67372K [0x00000000c0000000, 0x0000000100000000)
  region size 1024K, 44 young (45056K), 1 survivors (1024K)
 Metaspace       used 41781K, committed 42368K, reserved 1114112K
  class space    used 5058K, committed 5312K, reserved 1048576K
}
Event: 11.860 GC heap after
{Heap after GC invocations=13 (full 0):
 garbage-first heap   total 93184K, used 31018K [0x00000000c0000000, 0x0000000100000000)
  region size 1024K, 6 young (6144K), 6 survivors (6144K)
 Metaspace       used 41781K, committed 42368K, reserved 1114112K
  class space    used 5058K, committed 5312K, reserved 1048576K
}

