# JRE version: OpenJDK Runtime Environment Temurin-19.0.1+10 (19.0.1+10) (build 19.0.1+10)
# Java VM: OpenJDK 64-Bit Server VM Temurin-19.0.1+10 (19.0.1+10, mixed mode, emulated-client, tiered, compressed oops, compressed class ptrs, g1 gc, windows-amd64)
GC Precious Log:
 CardTable entry size: 512
 Card Set container configuration: InlinePtr #cards 5 size 8 Array Of Cards #cards 12 size 40 Howl #buckets 4 coarsen threshold 1843 Howl Bitmap #cards 512 size 80 coarsen threshold 460 Card regions per heap region 1 cards per card region 2048
 CPUs: 8 total, 8 available
 Memory: 8073M
 Large Page Support: Disabled
 NUMA Support: Disabled
 Compressed Oops: Enabled (32-bit)
 Heap Region Size: 1M
 Heap Min Capacity: 8M
 Heap Initial Capacity: 128M
 Heap Max Capacity: 1G
 Pre-touch: Disabled
 Parallel Workers: 8
 Concurrent Workers: 2
 Concurrent Refinement Workers: 8
 Periodic GC: Disabled
Heap:
 garbage-first heap   total 137216K, used 40225K [0x00000000c0000000, 0x0000000100000000)
  region size 1024K, 1 young (1024K), 0 survivors (0K)
 Metaspace       used 63058K, committed 64704K, reserved 1114112K
  class space    used 7941K, committed 8576K, reserved 1048576K
GC Heap History (20 events):
Event: 694.769 GC heap after
{Heap after GC invocations=126 (full 39):
 garbage-first heap   total 137216K, used 40225K [0x00000000c0000000, 0x0000000100000000)
  region size 1024K, 0 young (0K), 0 survivors (0K)
 Metaspace       used 63057K, committed 64704K, reserved 1114112K
  class space    used 7941K, committed 8576K, reserved 1048576K
}
Event: 707.703 GC heap before
{Heap before GC invocations=126 (full 39):
 garbage-first heap   total 137216K, used 40225K [0x00000000c0000000, 0x0000000100000000)
  region size 1024K, 1 young (1024K), 0 survivors (0K)
 Metaspace       used 63057K, committed 64704K, reserved 1114112K
  class space    used 7941K, committed 8576K, reserved 1048576K
}
Event: 707.790 GC heap after
{Heap after GC invocations=127 (full 40):
 garbage-first heap   total 137216K, used 40225K [0x00000000c0000000, 0x0000000100000000)
  region size 1024K, 0 young (0K), 0 survivors (0K)
 Metaspace       used 63057K, committed 64704K, reserved 1114112K
  class space    used 7941K, committed 8576K, reserved 1048576K
}
Event: 718.457 GC heap before
{Heap before GC invocations=127 (full 40):
 garbage-first heap   total 137216K, used 40225K [0x00000000c0000000, 0x0000000100000000)
  region size 1024K, 1 young (1024K), 0 survivors (0K)
 Metaspace       used 63057K, committed 64704K, reserved 1114112K
  class space    used 7941K, committed 8576K, reserved 1048576K
}
Event: 718.531 GC heap after
{Heap after GC invocations=128 (full 41):
 garbage-first heap   total 137216K, used 40225K [0x00000000c0000000, 0x0000000100000000)
  region size 1024K, 0 young (0K), 0 survivors (0K)
 Metaspace       used 63057K, committed 64704K, reserved 1114112K
  class space    used 7941K, committed 8576K, reserved 1048576K
}
Event: 728.884 GC heap before
{Heap before GC invocations=128 (full 41):
 garbage-first heap   total 137216K, used 40225K [0x00000000c0000000, 0x0000000100000000)
  region size 1024K, 1 young (1024K), 0 survivors (0K)
 Metaspace       used 63057K, committed 64704K, reserved 1114112K
  class space    used 7941K, committed 8576K, reserved 1048576K
}
Event: 729.042 GC heap after
{Heap after GC invocations=129 (full 42):
 garbage-first heap   total 137216K, used 40225K [0x00000000c0000000, 0x0000000100000000)
  region size 1024K, 0 young (0K), 0 survivors (0K)
 Metaspace       used 63057K, committed 64704K, reserved 1114112K
  class space    used 7941K, committed 8576K, reserved 1048576K
}
Event: 739.507 GC heap before
{Heap before GC invocations=129 (full 42):
 garbage-first heap   total 137216K, used 40225K [0x00000000c0000000, 0x0000000100000000)
  region size 1024K, 1 young (1024K), 0 survivors (0K)
 Metaspace       used 63057K, committed 64704K, reserved 1114112K
  class space    used 7941K, committed 8576K, reserved 1048576K
}
Event: 739.679 GC heap after
{Heap after GC invocations=130 (full 43):
 garbage-first heap   total 137216K, used 40225K [0x00000000c0000000, 0x0000000100000000)
  region size 1024K, 0 young (0K), 0 survivors (0K)
 Metaspace       used 63057K, committed 64704K, reserved 1114112K
  class space    used 7941K, committed 8576K, reserved 1048576K
}
Event: 749.977 GC heap before
{Heap before GC invocations=130 (full 43):
 garbage-first heap   total 137216K, used 40225K [0x00000000c0000000, 0x0000000100000000)
  region size 1024K, 1 young (1024K), 0 survivors (0K)
 Metaspace       used 63057K, committed 64704K, reserved 1114112K
  class space    used 7941K, committed 8576K, reserved 1048576K
}
Event: 750.041 GC heap after
{Heap after GC invocations=131 (full 44):
 garbage-first heap   total 137216K, used 40225K [0x00000000c0000000, 0x0000000100000000)
  region size 1024K, 0 young (0K), 0 survivors (0K)
 Metaspace       used 63057K, committed 64704K, reserved 1114112K
  class space    used 7941K, committed 8576K, reserved 1048576K
}
Event: 761.570 GC heap before
{Heap before GC invocations=131 (full 44):
 garbage-first heap   total 137216K, used 40225K [0x00000000c0000000, 0x0000000100000000)
  region size 1024K, 1 young (1024K), 0 survivors (0K)
 Metaspace       used 63057K, committed 64704K, reserved 1114112K
  class space    used 7941K, committed 8576K, reserved 1048576K
}
Event: 762.030 GC heap after
{Heap after GC invocations=132 (full 45):
 garbage-first heap   total 137216K, used 40225K [0x00000000c0000000, 0x0000000100000000)
  region size 1024K, 0 young (0K), 0 survivors (0K)
 Metaspace       used 63057K, committed 64704K, reserved 1114112K
  class space    used 7941K, committed 8576K, reserved 1048576K
}
Event: 772.383 GC heap before
{Heap before GC invocations=132 (full 45):
 garbage-first heap   total 137216K, used 40225K [0x00000000c0000000, 0x0000000100000000)
  region size 1024K, 1 young (1024K), 0 survivors (0K)
 Metaspace       used 63057K, committed 64704K, reserved 1114112K
  class space    used 7941K, committed 8576K, reserved 1048576K
}
Event: 772.627 GC heap after
{Heap after GC invocations=133 (full 46):
 garbage-first heap   total 137216K, used 40225K [0x00000000c0000000, 0x0000000100000000)
  region size 1024K, 0 young (0K), 0 survivors (0K)
 Metaspace       used 63057K, committed 64704K, reserved 1114112K
  class space    used 7941K, committed 8576K, reserved 1048576K
}
Event: 783.079 GC heap before
{Heap before GC invocations=133 (full 46):
 garbage-first heap   total 137216K, used 40225K [0x00000000c0000000, 0x0000000100000000)
  region size 1024K, 1 young (1024K), 0 survivors (0K)
 Metaspace       used 63057K, committed 64704K, reserved 1114112K
  class space    used 7941K, committed 8576K, reserved 1048576K
}
Event: 783.155 GC heap after
{Heap after GC invocations=134 (full 47):
 garbage-first heap   total 137216K, used 40225K [0x00000000c0000000, 0x0000000100000000)
  region size 1024K, 0 young (0K), 0 survivors (0K)
 Metaspace       used 63057K, committed 64704K, reserved 1114112K
  class space    used 7941K, committed 8576K, reserved 1048576K
}
Event: 793.612 GC heap before
{Heap before GC invocations=134 (full 47):
 garbage-first heap   total 137216K, used 40225K [0x00000000c0000000, 0x0000000100000000)
  region size 1024K, 1 young (1024K), 0 survivors (0K)
 Metaspace       used 63057K, committed 64704K, reserved 1114112K
  class space    used 7941K, committed 8576K, reserved 1048576K
}
Event: 793.687 GC heap after
{Heap after GC invocations=135 (full 48):
 garbage-first heap   total 137216K, used 40225K [0x00000000c0000000, 0x0000000100000000)
  region size 1024K, 0 young (0K), 0 survivors (0K)
 Metaspace       used 63057K, committed 64704K, reserved 1114112K
  class space    used 7941K, committed 8576K, reserved 1048576K
}
Event: 814.311 GC heap before
{Heap before GC invocations=135 (full 48):
 garbage-first heap   total 137216K, used 40225K [0x00000000c0000000, 0x0000000100000000)
  region size 1024K, 1 young (1024K), 0 survivors (0K)
 Metaspace       used 63058K, committed 64704K, reserved 1114112K
  class space    used 7941K, committed 8576K, reserved 1048576K
}

